<?xml version="1.0" encoding="UTF-8"?>
<!-- Generated by org.testng.reporters.JUnitXMLReporter -->
<testsuite hostname="D-184003222" ignored="0" name="Default test" tests="2" failures="0" timestamp="07 Feb 2018 09:17:49 GMT" time="107.176" errors="0">
  <testcase name="openApp" time="2.524" classname="com.wipro.chcare.ccc.openCart003_ProductComparison"/>
  <testcase name="productComparison" time="101.022" classname="com.wipro.chcare.ccc.openCart003_ProductComparison"/>
</testsuite> <!-- Default test -->
