<?xml version="1.0" encoding="UTF-8"?>
<!-- Generated by org.testng.reporters.JUnitXMLReporter -->
<testsuite hostname="D-184003222" ignored="0" name="Test" tests="6" failures="0" timestamp="02 Feb 2018 06:37:09 GMT" time="114.041" errors="0">
  <testcase name="openApp" time="2.166" classname="com.wipro.chcare.ccc.openCart002_OrderHistory"/>
  <testcase name="loginApp" time="1.192" classname="com.wipro.chcare.ccc.openCart002_OrderHistory"/>
  <testcase name="homePageNavigation" time="15.35" classname="com.wipro.chcare.ccc.openCart002_OrderHistory"/>
  <testcase name="addToShoppingCart89and10" time="1.274" classname="com.wipro.chcare.ccc.openCart002_OrderHistory"/>
  <testcase name="checkOutConfirmOrder" time="23.989" classname="com.wipro.chcare.ccc.openCart002_OrderHistory"/>
  <testcase name="orderHistory" time="56.649" classname="com.wipro.chcare.ccc.openCart002_OrderHistory"/>
</testsuite> <!-- Test -->
