<?xml version="1.0" encoding="UTF-8"?>
<testng-results skipped="0" failed="0" ignored="0" total="2" passed="2">
  <reporter-output>
  </reporter-output>
  <suite name="Default suite" duration-ms="107176" started-at="2018-02-07T09:16:02Z" finished-at="2018-02-07T09:17:49Z">
    <groups>
    </groups>
    <test name="Default test" duration-ms="107176" started-at="2018-02-07T09:16:02Z" finished-at="2018-02-07T09:17:49Z">
      <class name="com.wipro.chcare.ccc.openCart003_ProductComparison">
        <test-method status="PASS" signature="initializeReport()[pri:0, instance:com.wipro.chcare.ccc.openCart003_ProductComparison@3c0ecd4b]" name="initializeReport" is-config="true" duration-ms="170" started-at="2018-02-07T14:46:02Z" finished-at="2018-02-07T14:46:02Z">
          <reporter-output>
          </reporter-output>
        </test-method> <!-- initializeReport -->
        <test-method status="PASS" signature="intialize()[pri:0, instance:com.wipro.chcare.ccc.openCart003_ProductComparison@3c0ecd4b]" name="intialize" is-config="true" duration-ms="2390" started-at="2018-02-07T14:46:02Z" finished-at="2018-02-07T14:46:04Z">
          <reporter-output>
          </reporter-output>
        </test-method> <!-- intialize -->
        <test-method status="PASS" signature="openApp()[pri:0, instance:com.wipro.chcare.ccc.openCart003_ProductComparison@3c0ecd4b]" name="openApp" duration-ms="2524" started-at="2018-02-07T14:46:04Z" description="Launch openCart application" finished-at="2018-02-07T14:46:07Z">
          <reporter-output>
          </reporter-output>
        </test-method> <!-- openApp -->
        <test-method status="PASS" signature="getResult(org.testng.ITestResult)[pri:0, instance:com.wipro.chcare.ccc.openCart003_ProductComparison@3c0ecd4b]" name="getResult" is-config="true" duration-ms="12" started-at="2018-02-07T14:46:07Z" finished-at="2018-02-07T14:46:07Z">
          <params>
            <param index="0">
              <value>
                <![CDATA[[TestResult name=openApp status=SUCCESS method=openCart003_ProductComparison.openApp()[pri:0, instance:com.wipro.chcare.ccc.openCart003_ProductComparison@3c0ecd4b] output={null}]]]>
              </value>
            </param>
          </params>
          <reporter-output>
          </reporter-output>
        </test-method> <!-- getResult -->
        <test-method name="productComparison" signature="productComparison(java.lang.String, java.lang.String, java.lang.String)[pri:0, instance:com.wipro.chcare.ccc.openCart003_ProductComparison@3c0ecd4b]" status="PASS" duration-ms="101022" finished-at="2018-02-07T14:47:49Z" started-at="2018-02-07T14:46:08Z" depends-on-methods="com.wipro.chcare.ccc.openCart003_ProductComparison.openApp" data-provider="Mydatprovide" description="PD">
          <params>
            <param index="0">
              <value>
                <![CDATA[dhana.amalakanta@gmail.com]]>
              </value>
            </param>
            <param index="1">
              <value>
                <![CDATA[Dhana@24]]>
              </value>
            </param>
            <param index="2">
              <value>
                <![CDATA[phone]]>
              </value>
            </param>
          </params>
          <reporter-output>
          </reporter-output>
        </test-method> <!-- productComparison -->
        <test-method status="PASS" signature="getResult(org.testng.ITestResult)[pri:0, instance:com.wipro.chcare.ccc.openCart003_ProductComparison@3c0ecd4b]" name="getResult" is-config="true" duration-ms="1" started-at="2018-02-07T14:47:49Z" finished-at="2018-02-07T14:47:49Z">
          <params>
            <param index="0">
              <value>
                <![CDATA[[TestResult name=productComparison status=SUCCESS method=openCart003_ProductComparison.productComparison(java.lang.String, java.lang.String, java.lang.String)[pri:0, instance:com.wipro.chcare.ccc.openCart003_ProductComparison@3c0ecd4b] output={null}]]]>
              </value>
            </param>
          </params>
          <reporter-output>
          </reporter-output>
        </test-method> <!-- getResult -->
        <test-method status="PASS" signature="endReport()[pri:0, instance:com.wipro.chcare.ccc.openCart003_ProductComparison@3c0ecd4b]" name="endReport" is-config="true" duration-ms="401" started-at="2018-02-07T14:47:49Z" finished-at="2018-02-07T14:47:49Z">
          <reporter-output>
          </reporter-output>
        </test-method> <!-- endReport -->
      </class> <!-- com.wipro.chcare.ccc.openCart003_ProductComparison -->
    </test> <!-- Default test -->
  </suite> <!-- Default suite -->
</testng-results>
